<?xml version="1.0" encoding="UTF-8"?>
<!-- Generated by org.testng.reporters.JUnitXMLReporter -->
<testsuite hostname="DESKTOP-IO7C0T8" ignored="1" name="Default test" tests="1" failures="0" timestamp="2020-07-04T20:00:16 IST" time="38.876" errors="0">
  <testcase name="verifyFlightDescription" time="20.3" classname="testCases.Book_A_FlightPage_Test"/>
  <testcase name="SelectRadioButtons" time="0.0" classname="testCases.Book_A_FlightPage_Test">
    <ignored/>
  </testcase> <!-- SelectRadioButtons -->
</testsuite> <!-- Default test -->
