<?xml version="1.0" encoding="UTF-8"?>
<!-- Generated by org.testng.reporters.JUnitXMLReporter -->
<testsuite hostname="DESKTOP-IO7C0T8" ignored="1" name="Default test" tests="1" failures="0" timestamp="2020-07-05T00:50:25 IST" time="45.479" errors="0">
  <testcase name="searchFlightPage_test_01_selectItinerary" time="17.838" classname="testCases.SearchFlightPage_Test"/>
  <testcase name="searchFlightPage_test_02_selectServiceClass" time="0.0" classname="testCases.SearchFlightPage_Test">
    <ignored/>
  </testcase> <!-- searchFlightPage_test_02_selectServiceClass -->
</testsuite> <!-- Default test -->
