<?xml version="1.0" encoding="UTF-8"?>
<testng-results skipped="0" failed="0" ignored="0" total="9" passed="9">
  <reporter-output>
  </reporter-output>
  <suite name="Default suite" duration-ms="270165" started-at="2020-07-04T14:25:54 IST" finished-at="2020-07-04T14:30:24 IST">
    <groups>
      <group name="Travel">
        <method signature="Book_A_FlightPage_Test.verifyFlightDescription()[pri:0, instance:testCases.Book_A_FlightPage_Test@1f57539]" name="verifyFlightDescription" class="testCases.Book_A_FlightPage_Test"/>
        <method signature="LoginPage_Test.LoginPage_test03_failedPassword(java.lang.String, java.lang.String)[pri:0, instance:testCases.LoginPage_Test@76f2b07d]" name="LoginPage_test03_failedPassword" class="testCases.LoginPage_Test"/>
        <method signature="LoginPage_Test.LoginPage_test04_successfulLogin()[pri:0, instance:testCases.LoginPage_Test@76f2b07d]" name="LoginPage_test04_successfulLogin" class="testCases.LoginPage_Test"/>
        <method signature="LoginPage_Test.loginPage_test_01_VerifyDate()[pri:0, instance:testCases.LoginPage_Test@76f2b07d]" name="loginPage_test_01_VerifyDate" class="testCases.LoginPage_Test"/>
        <method signature="LoginPage_Test.loginPage_test_02_VerifyAruba()[pri:0, instance:testCases.LoginPage_Test@76f2b07d]" name="loginPage_test_02_VerifyAruba" class="testCases.LoginPage_Test"/>
        <method signature="SearchFlightPage_Test.searchFlightPage_test_01_selectItinerary()[pri:0, instance:testCases.SearchFlightPage_Test@704a52ec]" name="searchFlightPage_test_01_selectItinerary" class="testCases.SearchFlightPage_Test"/>
        <method signature="SearchFlightPage_Test.searchFlightPage_test_02_selectServiceClass()[pri:1, instance:testCases.SearchFlightPage_Test@704a52ec]" name="searchFlightPage_test_02_selectServiceClass" class="testCases.SearchFlightPage_Test"/>
        <method signature="SelectFlightPage_Test.Flight_SortCheck()[pri:0, instance:testCases.SelectFlightPage_Test@e320068]" name="Flight_SortCheck" class="testCases.SelectFlightPage_Test"/>
      </group> <!-- Travel -->
    </groups>
    <test name="Default test" duration-ms="270165" started-at="2020-07-04T14:25:54 IST" finished-at="2020-07-04T14:30:24 IST">
      <class name="testCases.SelectFlightPage_Test">
        <test-method status="PASS" signature="BeforeMethod()[pri:0, instance:testCases.SelectFlightPage_Test@e320068]" name="BeforeMethod" is-config="true" duration-ms="11598" started-at="2020-07-04T14:26:10 IST" finished-at="2020-07-04T14:26:21 IST">
          <reporter-output>
          </reporter-output>
        </test-method> <!-- BeforeMethod -->
        <test-method status="PASS" signature="Flight_SortCheck()[pri:0, instance:testCases.SelectFlightPage_Test@e320068]" name="Flight_SortCheck" duration-ms="10381" started-at="2020-07-04T14:29:35 IST" finished-at="2020-07-04T14:29:45 IST">
          <reporter-output>
          </reporter-output>
        </test-method> <!-- Flight_SortCheck -->
        <test-method status="PASS" signature="afterMethod()[pri:0, instance:testCases.SelectFlightPage_Test@e320068]" name="afterMethod" is-config="true" duration-ms="1874" started-at="2020-07-04T14:29:45 IST" finished-at="2020-07-04T14:29:47 IST">
          <reporter-output>
          </reporter-output>
        </test-method> <!-- afterMethod -->
      </class> <!-- testCases.SelectFlightPage_Test -->
      <class name="testCases.LoginPage_Test">
        <test-method status="PASS" signature="beforeMethod()[pri:0, instance:testCases.LoginPage_Test@76f2b07d]" name="beforeMethod" is-config="true" duration-ms="13956" started-at="2020-07-04T14:26:27 IST" finished-at="2020-07-04T14:26:41 IST">
          <reporter-output>
          </reporter-output>
        </test-method> <!-- beforeMethod -->
        <test-method status="PASS" signature="LoginPage_test03_failedPassword(java.lang.String, java.lang.String)[pri:0, instance:testCases.LoginPage_Test@76f2b07d]" name="LoginPage_test03_failedPassword" duration-ms="12645" started-at="2020-07-04T14:26:41 IST" data-provider="TravelData" finished-at="2020-07-04T14:26:53 IST">
          <params>
            <param index="0">
              <value>
                <![CDATA[mercury1]]>
              </value>
            </param>
            <param index="1">
              <value>
                <![CDATA[mercury]]>
              </value>
            </param>
          </params>
          <reporter-output>
          </reporter-output>
        </test-method> <!-- LoginPage_test03_failedPassword -->
        <test-method status="PASS" signature="afterMethod()[pri:0, instance:testCases.LoginPage_Test@76f2b07d]" name="afterMethod" is-config="true" duration-ms="856" started-at="2020-07-04T14:26:53 IST" finished-at="2020-07-04T14:26:54 IST">
          <reporter-output>
          </reporter-output>
        </test-method> <!-- afterMethod -->
        <test-method status="PASS" signature="beforeMethod()[pri:0, instance:testCases.LoginPage_Test@76f2b07d]" name="beforeMethod" is-config="true" duration-ms="17461" started-at="2020-07-04T14:26:54 IST" finished-at="2020-07-04T14:27:12 IST">
          <reporter-output>
          </reporter-output>
        </test-method> <!-- beforeMethod -->
        <test-method status="PASS" signature="LoginPage_test03_failedPassword(java.lang.String, java.lang.String)[pri:0, instance:testCases.LoginPage_Test@76f2b07d]" name="LoginPage_test03_failedPassword" duration-ms="14414" started-at="2020-07-04T14:27:12 IST" data-provider="TravelData" finished-at="2020-07-04T14:27:26 IST">
          <params>
            <param index="0">
              <value>
                <![CDATA[mercury2]]>
              </value>
            </param>
            <param index="1">
              <value>
                <![CDATA[mercury]]>
              </value>
            </param>
          </params>
          <reporter-output>
          </reporter-output>
        </test-method> <!-- LoginPage_test03_failedPassword -->
        <test-method status="PASS" signature="afterMethod()[pri:0, instance:testCases.LoginPage_Test@76f2b07d]" name="afterMethod" is-config="true" duration-ms="1303" started-at="2020-07-04T14:27:26 IST" finished-at="2020-07-04T14:27:27 IST">
          <reporter-output>
          </reporter-output>
        </test-method> <!-- afterMethod -->
        <test-method status="PASS" signature="beforeMethod()[pri:0, instance:testCases.LoginPage_Test@76f2b07d]" name="beforeMethod" is-config="true" duration-ms="14163" started-at="2020-07-04T14:27:27 IST" finished-at="2020-07-04T14:27:41 IST">
          <reporter-output>
          </reporter-output>
        </test-method> <!-- beforeMethod -->
        <test-method status="PASS" signature="LoginPage_test04_successfulLogin()[pri:0, instance:testCases.LoginPage_Test@76f2b07d]" name="LoginPage_test04_successfulLogin" duration-ms="8112" started-at="2020-07-04T14:27:41 IST" finished-at="2020-07-04T14:27:50 IST">
          <reporter-output>
          </reporter-output>
        </test-method> <!-- LoginPage_test04_successfulLogin -->
        <test-method status="PASS" signature="afterMethod()[pri:0, instance:testCases.LoginPage_Test@76f2b07d]" name="afterMethod" is-config="true" duration-ms="1186" started-at="2020-07-04T14:27:50 IST" finished-at="2020-07-04T14:27:51 IST">
          <reporter-output>
          </reporter-output>
        </test-method> <!-- afterMethod -->
        <test-method status="PASS" signature="beforeMethod()[pri:0, instance:testCases.LoginPage_Test@76f2b07d]" name="beforeMethod" is-config="true" duration-ms="16963" started-at="2020-07-04T14:27:51 IST" finished-at="2020-07-04T14:28:08 IST">
          <reporter-output>
          </reporter-output>
        </test-method> <!-- beforeMethod -->
        <test-method status="PASS" signature="loginPage_test_01_VerifyDate()[pri:0, instance:testCases.LoginPage_Test@76f2b07d]" name="loginPage_test_01_VerifyDate" duration-ms="380" started-at="2020-07-04T14:28:08 IST" finished-at="2020-07-04T14:28:08 IST">
          <reporter-output>
          </reporter-output>
        </test-method> <!-- loginPage_test_01_VerifyDate -->
        <test-method status="PASS" signature="afterMethod()[pri:0, instance:testCases.LoginPage_Test@76f2b07d]" name="afterMethod" is-config="true" duration-ms="1265" started-at="2020-07-04T14:28:08 IST" finished-at="2020-07-04T14:28:09 IST">
          <reporter-output>
          </reporter-output>
        </test-method> <!-- afterMethod -->
        <test-method status="PASS" signature="beforeMethod()[pri:0, instance:testCases.LoginPage_Test@76f2b07d]" name="beforeMethod" is-config="true" duration-ms="13948" started-at="2020-07-04T14:28:09 IST" finished-at="2020-07-04T14:28:23 IST">
          <reporter-output>
          </reporter-output>
        </test-method> <!-- beforeMethod -->
        <test-method status="PASS" signature="loginPage_test_02_VerifyAruba()[pri:0, instance:testCases.LoginPage_Test@76f2b07d]" name="loginPage_test_02_VerifyAruba" duration-ms="153" started-at="2020-07-04T14:28:23 IST" finished-at="2020-07-04T14:28:23 IST">
          <reporter-output>
          </reporter-output>
        </test-method> <!-- loginPage_test_02_VerifyAruba -->
        <test-method status="PASS" signature="afterMethod()[pri:0, instance:testCases.LoginPage_Test@76f2b07d]" name="afterMethod" is-config="true" duration-ms="767" started-at="2020-07-04T14:28:23 IST" finished-at="2020-07-04T14:28:24 IST">
          <reporter-output>
          </reporter-output>
        </test-method> <!-- afterMethod -->
      </class> <!-- testCases.LoginPage_Test -->
      <class name="testCases.SearchFlightPage_Test">
        <test-method status="PASS" signature="beforeMethod()[pri:0, instance:testCases.SearchFlightPage_Test@704a52ec]" name="beforeMethod" is-config="true" duration-ms="17127" started-at="2020-07-04T14:28:24 IST" finished-at="2020-07-04T14:28:41 IST">
          <reporter-output>
          </reporter-output>
        </test-method> <!-- beforeMethod -->
        <test-method status="PASS" signature="searchFlightPage_test_01_selectItinerary()[pri:0, instance:testCases.SearchFlightPage_Test@704a52ec]" name="searchFlightPage_test_01_selectItinerary" duration-ms="17788" started-at="2020-07-04T14:28:41 IST" finished-at="2020-07-04T14:28:59 IST">
          <reporter-output>
          </reporter-output>
        </test-method> <!-- searchFlightPage_test_01_selectItinerary -->
        <test-method status="PASS" signature="afterMethod()[pri:0, instance:testCases.SearchFlightPage_Test@704a52ec]" name="afterMethod" is-config="true" duration-ms="2149" started-at="2020-07-04T14:28:59 IST" finished-at="2020-07-04T14:29:01 IST">
          <reporter-output>
          </reporter-output>
        </test-method> <!-- afterMethod -->
        <test-method status="PASS" signature="beforeMethod()[pri:0, instance:testCases.SearchFlightPage_Test@704a52ec]" name="beforeMethod" is-config="true" duration-ms="14291" started-at="2020-07-04T14:29:01 IST" finished-at="2020-07-04T14:29:16 IST">
          <reporter-output>
          </reporter-output>
        </test-method> <!-- beforeMethod -->
        <test-method status="PASS" signature="searchFlightPage_test_02_selectServiceClass()[pri:1, instance:testCases.SearchFlightPage_Test@704a52ec]" name="searchFlightPage_test_02_selectServiceClass" duration-ms="17590" started-at="2020-07-04T14:29:16 IST" finished-at="2020-07-04T14:29:33 IST">
          <reporter-output>
          </reporter-output>
        </test-method> <!-- searchFlightPage_test_02_selectServiceClass -->
        <test-method status="PASS" signature="afterMethod()[pri:0, instance:testCases.SearchFlightPage_Test@704a52ec]" name="afterMethod" is-config="true" duration-ms="1572" started-at="2020-07-04T14:29:33 IST" finished-at="2020-07-04T14:29:35 IST">
          <reporter-output>
          </reporter-output>
        </test-method> <!-- afterMethod -->
      </class> <!-- testCases.SearchFlightPage_Test -->
      <class name="testCases.Book_A_FlightPage_Test">
        <test-method status="PASS" signature="beforeMethod()[pri:0, instance:testCases.Book_A_FlightPage_Test@1f57539]" name="beforeMethod" is-config="true" duration-ms="15347" started-at="2020-07-04T14:25:54 IST" finished-at="2020-07-04T14:26:10 IST">
          <reporter-output>
          </reporter-output>
        </test-method> <!-- beforeMethod -->
        <test-method status="PASS" signature="verifyFlightDescription()[pri:0, instance:testCases.Book_A_FlightPage_Test@1f57539]" name="verifyFlightDescription" duration-ms="35243" started-at="2020-07-04T14:29:47 IST" finished-at="2020-07-04T14:30:22 IST">
          <reporter-output>
          </reporter-output>
        </test-method> <!-- verifyFlightDescription -->
        <test-method status="PASS" signature="afterMethod()[pri:0, instance:testCases.Book_A_FlightPage_Test@1f57539]" name="afterMethod" is-config="true" duration-ms="2064" started-at="2020-07-04T14:30:22 IST" finished-at="2020-07-04T14:30:24 IST">
          <reporter-output>
          </reporter-output>
        </test-method> <!-- afterMethod -->
      </class> <!-- testCases.Book_A_FlightPage_Test -->
    </test> <!-- Default test -->
  </suite> <!-- Default suite -->
</testng-results>
