<?xml version="1.0" encoding="UTF-8"?>
<testng-results skipped="0" failed="0" ignored="0" total="1" passed="1">
  <reporter-output>
  </reporter-output>
  <suite name="Default suite" duration-ms="40604" started-at="2020-07-02T19:04:31 IST" finished-at="2020-07-02T19:05:12 IST">
    <groups>
      <group name="Travel">
        <method signature="Book_A_FlightPage_Test.verifyFlightDescription()[pri:0, instance:testCases.Book_A_FlightPage_Test@1efed156]" name="verifyFlightDescription" class="testCases.Book_A_FlightPage_Test"/>
      </group> <!-- Travel -->
    </groups>
    <test name="Default test" duration-ms="40604" started-at="2020-07-02T19:04:31 IST" finished-at="2020-07-02T19:05:12 IST">
      <class name="testCases.Book_A_FlightPage_Test">
        <test-method status="PASS" signature="beforeMethod()[pri:0, instance:testCases.Book_A_FlightPage_Test@1efed156]" name="beforeMethod" is-config="true" duration-ms="22005" started-at="2020-07-02T19:04:31 IST" finished-at="2020-07-02T19:04:53 IST">
          <reporter-output>
          </reporter-output>
        </test-method> <!-- beforeMethod -->
        <test-method status="PASS" signature="verifyFlightDescription()[pri:0, instance:testCases.Book_A_FlightPage_Test@1efed156]" name="verifyFlightDescription" duration-ms="17241" started-at="2020-07-02T19:04:53 IST" finished-at="2020-07-02T19:05:10 IST">
          <reporter-output>
          </reporter-output>
        </test-method> <!-- verifyFlightDescription -->
        <test-method status="PASS" signature="afterMethod()[pri:0, instance:testCases.Book_A_FlightPage_Test@1efed156]" name="afterMethod" is-config="true" duration-ms="1148" started-at="2020-07-02T19:05:10 IST" finished-at="2020-07-02T19:05:12 IST">
          <reporter-output>
          </reporter-output>
        </test-method> <!-- afterMethod -->
      </class> <!-- testCases.Book_A_FlightPage_Test -->
    </test> <!-- Default test -->
  </suite> <!-- Default suite -->
</testng-results>
